<?xml version="1.0" ?>
<testsuite errors="0" failures="0" name="test_addbook.addTest-20190405181846" tests="1" time="0.002">
	<testcase classname="test_addbook.addTest" name="test_add" time="0.002"/>
	<system-out>
<![CDATA[Book: {'Title': 'Book1', 'Author': 'Author1'}
Book: {'Title': 'Book1', 'Author': 'Author1'}
books: []
]]>	</system-out>
	<system-err>
<![CDATA[]]>	</system-err>
</testsuite>
